starting worker pid=16840 on localhost:11888 at 22:44:45.143
starting worker pid=4328 on localhost:11888 at 22:44:45.254
starting worker pid=27008 on localhost:11888 at 22:44:45.367
starting worker pid=13532 on localhost:11888 at 22:44:45.477
starting worker pid=8464 on localhost:11888 at 22:44:45.586
starting worker pid=14048 on localhost:11888 at 22:44:45.696
starting worker pid=24040 on localhost:11888 at 22:44:45.801
starting worker pid=21216 on localhost:11888 at 22:44:45.914
starting worker pid=13024 on localhost:11888 at 22:44:46.023
starting worker pid=22240 on localhost:11888 at 22:44:46.135
Loading required package: Matrix
Loading required package: Matrix
Loading required package: Matrix
Loading required package: Matrix
Loading required package: Matrix
Loading required package: Matrix
Loading required package: Matrix
Loading required package: Matrix
Loading required package: Matrix
Loading required package: Matrix
Loaded glmnet 4.1-8
Loaded glmnet 4.1-8
Loaded glmnet 4.1-8
Loaded glmnet 4.1-8
Loaded glmnet 4.1-8
Loaded glmnet 4.1-8
Loaded glmnet 4.1-8
Loaded glmnet 4.1-8
Loaded glmnet 4.1-8
Loaded glmnet 4.1-8
Warning messages:
1: package 'glmnet' was built under R version 4.3.3 
2: package 'Matrix' was built under R version 4.3.2 
Warning messages:
1: package 'glmnet' was built under R version 4.3.3 
2: package 'Matrix' was built under R version 4.3.2 
1: package 'glmnet' was built under R version 4.3.3 
2: package 'Matrix' was built under R version 4.3.2 
Warning messages:
Warning messages:
1: package 'glmnet' was built under R version 4.3.3 
2: package 'Matrix' was built under R version 4.3.2 
1: package 'glmnet' was built under R version 4.3.3 
Warning messages:
1: package 'glmnet' was built under R version 4.3.3 
2: package 'Matrix' was built under R version 4.3.2 
2: package 'Matrix' was built under R version 4.3.2 
Warning messages:
1: package 'glmnet' was built under R version 4.3.3 
2: package 'Matrix' was built under R version 4.3.2 
Warning messages:
1: package 'glmnet' was built under R version 4.3.3 
2: package 'Matrix' was built under R version 4.3.2 
starting worker pid=31704 on localhost:11173 at 20:59:27.916
starting worker pid=20380 on localhost:11173 at 20:59:28.039
starting worker pid=23168 on localhost:11173 at 20:59:28.159
starting worker pid=34116 on localhost:11173 at 20:59:28.281
starting worker pid=34236 on localhost:11173 at 20:59:28.403
starting worker pid=22888 on localhost:11173 at 20:59:28.525
starting worker pid=25700 on localhost:11173 at 20:59:28.650
starting worker pid=5240 on localhost:11173 at 20:59:28.774
starting worker pid=9160 on localhost:11173 at 20:59:28.909
starting worker pid=8928 on localhost:11173 at 20:59:29.042
starting worker pid=33480 on localhost:11173 at 20:59:29.197
starting worker pid=26976 on localhost:11173 at 20:59:29.375
starting worker pid=36836 on localhost:11173 at 20:59:29.525
starting worker pid=40804 on localhost:11173 at 20:59:29.691
starting worker pid=41932 on localhost:11173 at 20:59:29.890
Loading required package: Matrix
Loading required package: Matrix
Loading required package: Matrix
Loading required package: Matrix
Loading required package: Matrix
Loading required package: Matrix
Loading required package: Matrix
Loading required package: Matrix
Loading required package: Matrix
Loading required package: Matrix
Loading required package: Matrix
Loading required package: Matrix
Loading required package: Matrix
Loading required package: Matrix
Loading required package: Matrix
Loaded glmnet 4.1-8
Loaded glmnet 4.1-8
Loaded glmnet 4.1-8
Loaded glmnet 4.1-8
Loaded glmnet 4.1-8
Loaded glmnet 4.1-8
Loaded glmnet 4.1-8
Loaded glmnet 4.1-8
Loaded glmnet 4.1-8
Loaded glmnet 4.1-8
Loaded glmnet 4.1-8
Loaded glmnet 4.1-8
Loaded glmnet 4.1-8
Loaded glmnet 4.1-8
Loaded glmnet 4.1-8
Warning messages:
1: package 'glmnet' was built under R version 4.3.3 
2: package 'Matrix' was built under R version 4.3.2 
Warning messages:
1: package 'glmnet' was built under R version 4.3.3 
2: package 'Matrix' was built under R version 4.3.2 
Warning messages:
1: package 'glmnet' was built under R version 4.3.3 
Warning messages:
 was built under R version 4.3.2 
1: package 'glmnet' was built under R version 4.3.3 
2: package 'Matrix' was built under R version 4.3.2 
Warning messages:
1: package 'glmnet' was built under R version 4.3.3 
2: package 'Matrix' was built under R version 4.3.2 
2: package 'Matrix' was built under R version 4.3.2 
Warning messages:
1: package 'glmnet' was built under R version 4.3.3 
2: package 'Matrix' was built under R version 4.3.2 
Warning messages:
1: package 'glmnet' was built under R version 4.3.3 
2: package 'Matrix' was built under R version 4.3.2 
Warning messages:
1: package 'glmnet' was built under R version 4.3.3 
1: package 'glmnet' was built under R version 4.3.3 
2: package 'Matrix' was built under R version 4.3.2 
2: package 'Matrix' was built under R version 4.3.2 
Warning messages:
1: package 'glmnet' was built under R version 4.3.3 
2: package 'Matrix' was built under R version 4.3.2 
2: package 'Matrix' was built under R version 4.3.2 
Warning messages:
1: package 'glmnet' was built under R version 4.3.3 
2: package 'Matrix' was built under R version 4.3.2 
Warning messages:
1: package 'glmnet' was built under R version 4.3.3 
2: package 'Matrix' was built under R version 4.3.2 
starting worker pid=3884 on localhost:11823 at 22:15:58.839
starting worker pid=42500 on localhost:11823 at 22:15:58.840
starting worker pid=22852 on localhost:11823 at 22:15:58.884
starting worker pid=38688 on localhost:11823 at 22:15:58.884
starting worker pid=4816 on localhost:11823 at 22:15:58.889
starting worker pid=42000 on localhost:11823 at 22:15:58.900
starting worker pid=32616 on localhost:11823 at 22:15:58.902
starting worker pid=7928 on localhost:11823 at 22:15:58.905
starting worker pid=38516 on localhost:11823 at 22:15:58.911
starting worker pid=6360 on localhost:11823 at 22:15:58.944
starting worker pid=24900 on localhost:11823 at 22:15:58.950
starting worker pid=39612 on localhost:11823 at 22:15:58.956
starting worker pid=38764 on localhost:11823 at 22:15:58.959
starting worker pid=39548 on localhost:11823 at 22:15:58.964
starting worker pid=24208 on localhost:11823 at 22:15:58.974
Loading required package: Matrix
Loading required package: Matrix
Loading required package: Matrix
Loading required package: Matrix
Loading required package: Matrix
Loading required package: Matrix
Loading required package: Matrix
Loading required package: Matrix
Loading required package: Matrix
Loading required package: Matrix
Loading required package: Matrix
Loading required package: Matrix
Loading required package: Matrix
Loading required package: Matrix
Loading required package: Matrix
Loaded glmnet 4.1-8
Loaded glmnet 4.1-8
Loaded glmnet 4.1-8
Loaded glmnet 4.1-8
Loaded glmnet 4.1-8
Loaded glmnet 4.1-8
Loaded glmnet 4.1-8
Loaded glmnet 4.1-8
Loaded glmnet 4.1-8
Loaded glmnet 4.1-8
Loaded glmnet 4.1-8
Loaded glmnet 4.1-8
Loaded glmnet 4.1-8
Loaded glmnet 4.1-8
Loaded glmnet 4.1-8
Warning messages:
1: package 'glmnet' was built under R version 4.3.3 
2: package 'Matrix' was built under R version 4.3.2 
2: package 'Matrix' was built under R version 4.3.2 
Warning messages:
1: package 'glmnet' was built under R version 4.3.3 
2: package 'Matrix' was built under R version 4.3.2 
Warning messages:
1: package 'glmnet' was built under R version 4.3.3 
2: package 'Matrix' was built under R version 4.3.2 
Warning messages:
Warning messages:
 was built under R version 4.3.3 
2: package 'Matrix' was built under R version 4.3.2 
1: package 'glmnet' was built under R version 4.3.3 
2: package 'Matrix' was built under R version 4.3.2 
2: package 'Matrix' was built under R version 4.3.2 
Warning messages:
1: package 'glmnet' was built under R version 4.3.3 
2: package 'Matrix' was built under R version 4.3.2 
Warning messages:
Warning messages:
 was built under R version 4.3.3 
2: package 'Matrix' was built under R version 4.3.2 
1: package 'glmnet' was built under R version 4.3.3 
2: package 'Matrix' was built under R version 4.3.2 
Warning messages:
1: package 'glmnet' was built under R version 4.3.3 
2: package 'Matrix' was built under R version 4.3.2 
Warning messages:
1: package 'glmnet' was built under R version 4.3.3 
2: package 'Matrix' was built under R version 4.3.2 
starting worker pid=31092 on localhost:11684 at 22:50:16.489
starting worker pid=17768 on localhost:11684 at 22:50:16.515
starting worker pid=37732 on localhost:11684 at 22:50:16.549
starting worker pid=35688 on localhost:11684 at 22:50:16.553
starting worker pid=37680 on localhost:11684 at 22:50:16.576
starting worker pid=15552 on localhost:11684 at 22:50:16.577
starting worker pid=5848 on localhost:11684 at 22:50:16.588
starting worker pid=32344 on localhost:11684 at 22:50:16.599
starting worker pid=5212 on localhost:11684 at 22:50:16.605
starting worker pid=37360 on localhost:11684 at 22:50:16.609
starting worker pid=35832 on localhost:11684 at 22:50:16.611
starting worker pid=24628 on localhost:11684 at 22:50:16.615
starting worker pid=1780 on localhost:11684 at 22:50:16.618
starting worker pid=11328 on localhost:11684 at 22:50:16.619
starting worker pid=17460 on localhost:11684 at 22:50:16.629
Loading required package: Matrix
Loading required package: Matrix
Loading required package: Matrix
Loading required package: Matrix
Loading required package: Matrix
Loading required package: Matrix
Loading required package: Matrix
Loading required package: Matrix
Loading required package: Matrix
Loading required package: Matrix
Loading required package: Matrix
Loading required package: Matrix
Loading required package: Matrix
Loading required package: Matrix
Loading required package: Matrix
Loaded glmnet 4.1-8
Loaded glmnet 4.1-8
Loaded glmnet 4.1-8
Loaded glmnet 4.1-8
Loaded glmnet 4.1-8
Loaded glmnet 4.1-8
Loaded glmnet 4.1-8
Loaded glmnet 4.1-8
Loaded glmnet 4.1-8
Loaded glmnet 4.1-8
Loaded glmnet 4.1-8
Loaded glmnet 4.1-8
Loaded glmnet 4.1-8
Loaded glmnet 4.1-8
Warning messages:
1: package 'glmnet' was built under R version 4.3.3 
Warning messages:
 was built under R version 4.3.2 
1: package 'glmnet' was built under R version 4.3.3 
Warning messages:
 was built under R version 4.3.2 
1: package 'glmnet' was built under R version 4.3.3 
2: package 'Matrix' was built under R version 4.3.2 
1: package 'glmnet' was built under R version 4.3.3 
2: package 'Matrix' was built under R version 4.3.2 
Warning messages:
1: package 'glmnet' was built under R version 4.3.3 
2: package 'Matrix' was built under R version 4.3.2 
Warning messages:
1: package 'glmnet' was built under R version 4.3.3 
2: package 'Matrix' was built under R version 4.3.2 
Warning messages:
1: package 'glmnet' was built under R version 4.3.3 
2: package 'Matrix' was built under R version 4.3.2 
Warning messages:
1: package 'glmnet' was built under R version 4.3.3 
2: package 'Matrix' was built under R version 4.3.2 
Warning messages:
1: package 'glmnet' was built under R version 4.3.3 
Warning messages:
 was built under R version 4.3.2 
1: package 'glmnet' was built under R version 4.3.3 
2: package 'Matrix' was built under R version 4.3.2 
Warning messages:
1: package 'glmnet' was built under R version 4.3.3 
2: package 'Matrix' was built under R version 4.3.2 
Warning messages:
1: package 'glmnet' was built under R version 4.3.3 
2: package 'Matrix' was built under R version 4.3.2 
Warning messages:
1: package 'glmnet' was built under R version 4.3.3 
2: package 'Matrix' was built under R version 4.3.2 
Warning messages:
Warning messages:
 was built under R version 4.3.3 
2: package 'Matrix' was built under R version 4.3.2 
1: package 'glmnet' was built under R version 4.3.3 
2: package 'Matrix' was built under R version 4.3.2 
starting worker pid=31364 on localhost:11082 at 23:02:14.994
starting worker pid=29780 on localhost:11082 at 23:02:15.000
starting worker pid=25388 on localhost:11082 at 23:02:15.039
starting worker pid=12080 on localhost:11082 at 23:02:15.069
starting worker pid=25360 on localhost:11082 at 23:02:15.086
starting worker pid=23872 on localhost:11082 at 23:02:15.086
starting worker pid=27324 on localhost:11082 at 23:02:15.097
starting worker pid=36988 on localhost:11082 at 23:02:15.100
starting worker pid=34392 on localhost:11082 at 23:02:15.105
starting worker pid=19288 on localhost:11082 at 23:02:15.107
starting worker pid=14652 on localhost:11082 at 23:02:15.109
starting worker pid=29984 on localhost:11082 at 23:02:15.114
starting worker pid=18400 on localhost:11082 at 23:02:15.115
starting worker pid=8928 on localhost:11082 at 23:02:15.117
starting worker pid=35788 on localhost:11082 at 23:02:15.119
Loading required package: Matrix
Loading required package: Matrix
Loading required package: Matrix
Loading required package: Matrix
Loading required package: Matrix
Loading required package: Matrix
Loading required package: Matrix
Loading required package: Matrix
Loading required package: Matrix
Loading required package: Matrix
Loading required package: Matrix
Loading required package: Matrix
Loading required package: Matrix
Loading required package: Matrix
Loading required package: Matrix
Loaded glmnet 4.1-8
Loaded glmnet 4.1-8
Loaded glmnet 4.1-8
Loaded glmnet 4.1-8
Loaded glmnet 4.1-8
Loaded glmnet 4.1-8
Loaded glmnet 4.1-8
Loaded glmnet 4.1-8
Loaded glmnet 4.1-8
Loaded glmnet 4.1-8
Loaded glmnet 4.1-8
Loaded glmnet 4.1-8
Loaded glmnet 4.1-8
Loaded glmnet 4.1-8
Loaded glmnet 4.1-8
Warning messages:
1: package 'glmnet' was built under R version 4.3.3 
2: package 'Matrix' was built under R version 4.3.2 
Warning messages:
1: package 'glmnet' was built under R version 4.3.3 
2: package 'Matrix' was built under R version 4.3.2 
Warning messages:
1: package 'glmnet' was built under R version 4.3.3 
2: package 'Matrix' was built under R version 4.3.2 
Warning messages:
1: package 'glmnet' was built under R version 4.3.3 
2: package 'Matrix' was built under R version 4.3.2 
Warning messages:
1: package 'glmnet' was built under R version 4.3.3 
2: package 'Matrix' was built under R version 4.3.2 
Warning messages:
1: package 'glmnet' was built under R version 4.3.3 
2: package 'Matrix' was built under R version 4.3.2 
Warning messages:
1: package 'glmnet'1: package 'glmnet' was built under R version 4.3.3 
2: package 'Matrix' was built under R version 4.3.2 
2: package 'Matrix' was built under R version 4.3.2 
1: package 'glmnet' was built under R version 4.3.3 
2: package 'Matrix' was built under R version 4.3.2 
Warning messages:
1: package 'glmnet' was built under R version 4.3.3 
Warning messages:
 was built under R version 4.3.2 
1: package 'glmnet' was built under R version 4.3.3 
Warning messages:
 was built under R version 4.3.2 
1: package 'glmnet' was built under R version 4.3.3 
Warning messages:
 was built under R version 4.3.2 
Warning messages:
 was built under R version 4.3.2 
1: package 'glmnet' was built under R version 4.3.3 
2: package 'Matrix' was built under R version 4.3.2 
1: package 'glmnet' was built under R version 4.3.3 
2: package 'Matrix' was built under R version 4.3.2 
starting worker pid=22180 on localhost:11356 at 23:33:38.745
starting worker pid=30360 on localhost:11356 at 23:33:38.771
starting worker pid=38104 on localhost:11356 at 23:33:38.821
starting worker pid=10248 on localhost:11356 at 23:33:38.888
starting worker pid=35764 on localhost:11356 at 23:33:38.928
starting worker pid=35980 on localhost:11356 at 23:33:38.933
starting worker pid=22808 on localhost:11356 at 23:33:38.974
starting worker pid=31440 on localhost:11356 at 23:33:38.987
starting worker pid=41712 on localhost:11356 at 23:33:38.987
starting worker pid=30832 on localhost:11356 at 23:33:38.988
starting worker pid=38964 on localhost:11356 at 23:33:39.000
starting worker pid=41316 on localhost:11356 at 23:33:39.003
starting worker pid=26788 on localhost:11356 at 23:33:39.006
starting worker pid=40612 on localhost:11356 at 23:33:39.008
starting worker pid=38684 on localhost:11356 at 23:33:39.012
Loading required package: Matrix
Loading required package: Matrix
Loading required package: Matrix
Loading required package: Matrix
Loading required package: Matrix
Loading required package: Matrix
Loading required package: Matrix
Loading required package: Matrix
Loading required package: Matrix
Loading required package: Matrix
Loading required package: Matrix
Loading required package: Matrix
Loading required package: Matrix
Loading required package: Matrix
Loading required package: Matrix
Loaded glmnet 4.1-8
Loaded glmnet 4.1-8
Loaded glmnet 4.1-8
Loaded glmnet 4.1-8
Loaded glmnet 4.1-8
Loaded glmnet 4.1-8
Loaded glmnet 4.1-8
Loaded glmnet 4.1-8
Loaded glmnet 4.1-8
Loaded glmnet 4.1-8
Loaded glmnet 4.1-8
Loaded glmnet 4.1-8
Loaded glmnet 4.1-8
Loaded glmnet 4.1-8
Loaded glmnet 4.1-8
Warning messages:
1: package 'glmnet' was built under R version 4.3.3 
 R version 4.3.3 
2: package 'Matrix' was built under R version 4.3.2 
2: package 'Matrix' was built under R version 4.3.2 
Warning messages:
1: package 'glmnet' was built under R version 4.3.3 
2: package 'Matrix' was built under R version 4.3.2 
Warning messages:
1: package 'glmnet' was built under R version 4.3.3 
2: package 'Matrix' was built under R version 4.3.2 
Warning messages:
1: package 'glmnet' was built under R version 4.3.3 
2: package 'Matrix' was built under R version 4.3.2 
Warning messages:
1: package 'glmnet' was built under R version 4.3.3 
2: package 'Matrix' was built under R version 4.3.2 
Warning messages:
1: package 'glmnet' was built under R version 4.3.3 
2: package 'Matrix' was built under R version 4.3.2 
Warning messages:
1: package 'glmnet' was built under R version 4.3.3 
2: package 'Matrix' was built under R version 4.3.2 
Warning messages:
1: package 'glmnet' was built under R version 4.3.3 
2: package 'Matrix' was built under R version 4.3.2 
Warning messages:
1: package 'glmnet' was built under R version 4.3.3 
2: package 'Matrix' was built under R version 4.3.2 
Warning messages:
1: package 'glmnet' was built under R version 4.3.3 
2: package 'Matrix' was built under R version 4.3.2 
Warning messages:
1: package 'glmnet' was built under R version 4.3.3 
2: package 'Matrix' was built under R version 4.3.2 
Warning messages:
1: package 'glmnet' was built under R version 4.3.3 
1: package 'glmnet' was built under R version 4.3.3 
2: package 'Matrix' was built under R version 4.3.2 
Warning messages:
1: package 'glmnet' was built under R version 4.3.3 
2: package 'Matrix' was built under R version 4.3.2 
starting worker pid=14980 on localhost:11745 at 00:00:38.477
starting worker pid=22680 on localhost:11745 at 00:00:38.586
starting worker pid=20112 on localhost:11745 at 00:00:38.609
starting worker pid=13868 on localhost:11745 at 00:00:38.682
starting worker pid=21276 on localhost:11745 at 00:00:38.700
starting worker pid=388 on localhost:11745 at 00:00:38.758
starting worker pid=31872 on localhost:11745 at 00:00:38.789
starting worker pid=31928 on localhost:11745 at 00:00:38.805
starting worker pid=42140 on localhost:11745 at 00:00:38.833
starting worker pid=23380 on localhost:11745 at 00:00:38.853
starting worker pid=26744 on localhost:11745 at 00:00:38.857
starting worker pid=8364 on localhost:11745 at 00:00:38.863
starting worker pid=34060 on localhost:11745 at 00:00:38.864
starting worker pid=22352 on localhost:11745 at 00:00:38.875
starting worker pid=15300 on localhost:11745 at 00:00:38.876
Loading required package: Matrix
Loading required package: Matrix
Loading required package: Matrix
Loading required package: Matrix
Loading required package: Matrix
Loading required package: Matrix
Loading required package: Matrix
Loading required package: Matrix
Loading required package: Matrix
Loading required package: Matrix
Loading required package: Matrix
Loading required package: Matrix
Loading required package: Matrix
Loading required package: Matrix
Loading required package: Matrix
Loaded glmnet 4.1-8
Loaded glmnet 4.1-8
Loaded glmnet 4.1-8
Loaded glmnet 4.1-8
Loaded glmnet 4.1-8
Loaded glmnet 4.1-8
Loaded glmnet 4.1-8
Loaded glmnet 4.1-8
Loaded glmnet 4.1-8
Loaded glmnet 4.1-8
Loaded glmnet 4.1-8
Loaded glmnet 4.1-8
Loaded glmnet 4.1-8
Loaded glmnet 4.1-8
Loaded glmnet 4.1-8
Warning messages:
1: package 'glmnet' was built under R version 4.3.3 
2: package 'Matrix' was built under R version 4.3.2 
Warning messages:
1: package 'glmnet' was built under R version 4.3.3 
2: package 'Matrix' was built under R version 4.3.2 
Warning messages:
1: package 'glmnet' was built under R version 4.3.3 
2: package 'Matrix' was built under R version 4.3.2 
Warning messages:
1: package 'glmnet' was built under R version 4.3.3 
2: package 'Matrix' was built under R version 4.3.2 
Warning messages:
1: package 'glmnet' was built under R version 4.3.3 
2: package 'Matrix' was built under R version 4.3.2 
Warning messages:
1: package 'glmnet' was built under R version 4.3.3 
2: package 'Matrix' was built under R version 4.3.2 
Warning messages:
1: package 'glmnet' was built under R version 4.3.3 
2: package 'Matrix' was built under R version 4.3.2 
Warning messages:
1: package 'glmnet' was built under R version 4.3.3 
2: package 'Matrix' was built under R version 4.3.2 
Warning messages:
 was built under R version 4.3.3 
2: package 'Matrix' was built under R version 4.3.2 
1: package 'glmnet' was built under R version 4.3.3 
2: package 'Matrix' was built under R version 4.3.2 
Warning messages:
1: package 'glmnet' was built under R version 4.3.3 
2: package 'Matrix' was built under R version 4.3.2 
Warning messages:
1: package 'glmnet' was built under R version 4.3.3 
2: package 'Matrix' was built under R version 4.3.2 
Warning messages:
1: package 'glmnet' was built under R version 4.3.3 
2: package 'Matrix' was built under R version 4.3.2 
Warning messages:
1: package 'glmnet' was built under R version 4.3.3 
2: package 'Matrix' was built under R version 4.3.2 
Warning messages:
1: package 'glmnet' was built under R version 4.3.3 
2: package 'Matrix' was built under R version 4.3.2 
starting worker pid=9400 on localhost:11837 at 16:21:03.622
starting worker pid=25056 on localhost:11837 at 16:21:03.631
starting worker pid=2492 on localhost:11837 at 16:21:03.667
starting worker pid=22112 on localhost:11837 at 16:21:03.693
starting worker pid=12768 on localhost:11837 at 16:21:03.700
starting worker pid=912 on localhost:11837 at 16:21:03.703
starting worker pid=31152 on localhost:11837 at 16:21:03.717
starting worker pid=18492 on localhost:11837 at 16:21:03.733
starting worker pid=16348 on localhost:11837 at 16:21:03.734
starting worker pid=392 on localhost:11837 at 16:21:03.739
starting worker pid=31512 on localhost:11837 at 16:21:03.741
starting worker pid=21496 on localhost:11837 at 16:21:03.747
starting worker pid=28844 on localhost:11837 at 16:21:03.751
starting worker pid=29964 on localhost:11837 at 16:21:03.761
starting worker pid=4572 on localhost:11837 at 16:21:03.772
Loading required package: Matrix
Loading required package: Matrix
Loading required package: Matrix
Loading required package: Matrix
Loading required package: Matrix
Loading required package: Matrix
Loading required package: Matrix
Loading required package: Matrix
Loading required package: Matrix
Loading required package: Matrix
Loading required package: Matrix
Loading required package: Matrix
Loading required package: Matrix
Loading required package: Matrix
Loading required package: Matrix
Loaded glmnet 4.1-8
Loaded glmnet 4.1-8
Loaded glmnet 4.1-8
Loaded glmnet 4.1-8
Loaded glmnet 4.1-8
Loaded glmnet 4.1-8
Loaded glmnet 4.1-8
Loaded glmnet 4.1-8
Loaded glmnet 4.1-8
Loaded glmnet 4.1-8
Loaded glmnet 4.1-8
Loaded glmnet 4.1-8
Loaded glmnet 4.1-8
Loaded glmnet 4.1-8
Loaded glmnet 4.1-8
Warning messages:
1: package 'glmnet' was built under R version 4.3.3 
2: package 'Matrix' was built under R version 4.3.2 
Warning messages:
Warning messages:
1: package 'glmnet' was built under R version 4.3.3 
2: package 'Matrix' was built under R version 4.3.2 
1: package 'glmnet' was built under R version 4.3.3 
2: package 'Matrix' was built under R version 4.3.2 
Warning messages:
Warning messages:
1: package 'glmnet' was built under R version 4.3.3 
1: package 'glmnet' was built under R version 4.3.3 
2: package 'Matrix' was built under R version 4.3.2 
Warning messages:
1: package 'glmnet' was built under R version 4.3.3 
2: package 'Matrix' was built under R version 4.3.2 
Warning messages:
1: package 'glmnet' was built under R version 4.3.3 
Warning messages:
2: package 'Matrix' was built under R version 4.3.2 
1: package 'glmnet' was built under R version 4.3.3 
2: package 'Matrix' was built under R version 4.3.2 
2: package 'Matrix' was built under R version 4.3.2 
Warning messages:
1: package 'glmnet' was built under R version 4.3.3 
2: package 'Matrix' was built under R version 4.3.2 
Warning messages:
1: package 'glmnet' was built under R version 4.3.3 
2: package 'Matrix' was built under R version 4.3.2 
Warning messages:
1: package 'glmnet' was built under R version 4.3.3 
2: package 'Matrix' was built under R version 4.3.2 
